# JRE version: Java(TM) SE Runtime Environment (8.0_101-b13) (build 1.8.0_101-b13)
# Java VM: Java HotSpot(TM) 64-Bit Server VM (25.101-b13 mixed mode windows-amd64 compressed oops)
Heap:
 PSYoungGen      total 106496K, used 85708K [0x0000000780800000, 0x0000000787800000, 0x00000007c0000000)
  eden space 98304K, 78% used [0x0000000780800000,0x00000007853b7a68,0x0000000786800000)
  from space 8192K, 99% used [0x0000000787000000,0x00000007877fb5e8,0x0000000787800000)
  to   space 8192K, 0% used [0x0000000786800000,0x0000000786800000,0x0000000787000000)
 ParOldGen       total 96768K, used 39693K [0x0000000701800000, 0x0000000707680000, 0x0000000780800000)
  object space 96768K, 41% used [0x0000000701800000,0x0000000703ec35d0,0x0000000707680000)
 Metaspace       used 24066K, capacity 24624K, committed 24752K, reserved 1071104K
  class space    used 2792K, capacity 2941K, committed 2992K, reserved 1048576K
GC Heap History (10 events):
Event: 5.257 GC heap before
{Heap before GC invocations=5 (full 0):
 PSYoungGen      total 106496K, used 106480K [0x0000000780800000, 0x0000000787800000, 0x00000007c0000000)
  eden space 98304K, 100% used [0x0000000780800000,0x0000000786800000,0x0000000786800000)
  from space 8192K, 99% used [0x0000000787000000,0x00000007877fc010,0x0000000787800000)
  to   space 8192K, 0% used [0x0000000786800000,0x0000000786800000,0x0000000787000000)
 ParOldGen       total 131072K, used 9792K [0x0000000701800000, 0x0000000709800000, 0x0000000780800000)
  object space 131072K, 7% used [0x0000000701800000,0x0000000702190140,0x0000000709800000)
 Metaspace       used 18977K, capacity 19452K, committed 19584K, reserved 1067008K
  class space    used 2245K, capacity 2370K, committed 2432K, reserved 1048576K
Event: 5.282 GC heap after
Heap after GC invocations=5 (full 0):
 PSYoungGen      total 106496K, used 8176K [0x0000000780800000, 0x0000000787800000, 0x00000007c0000000)
  eden space 98304K, 0% used [0x0000000780800000,0x0000000780800000,0x0000000786800000)
  from space 8192K, 99% used [0x0000000786800000,0x0000000786ffc010,0x0000000787000000)
  to   space 8192K, 0% used [0x0000000787000000,0x0000000787000000,0x0000000787800000)
 ParOldGen       total 131072K, used 16648K [0x0000000701800000, 0x0000000709800000, 0x0000000780800000)
  object space 131072K, 12% used [0x0000000701800000,0x0000000702842118,0x0000000709800000)
 Metaspace       used 18977K, capacity 19452K, committed 19584K, reserved 1067008K
  class space    used 2245K, capacity 2370K, committed 2432K, reserved 1048576K
}
Event: 5.501 GC heap before
{Heap before GC invocations=6 (full 0):
 PSYoungGen      total 106496K, used 17870K [0x0000000780800000, 0x0000000787800000, 0x00000007c0000000)
  eden space 98304K, 9% used [0x0000000780800000,0x0000000781177a08,0x0000000786800000)
  from space 8192K, 99% used [0x0000000786800000,0x0000000786ffc010,0x0000000787000000)
  to   space 8192K, 0% used [0x0000000787000000,0x0000000787000000,0x0000000787800000)
 ParOldGen       total 131072K, used 16648K [0x0000000701800000, 0x0000000709800000, 0x0000000780800000)
  object space 131072K, 12% used [0x0000000701800000,0x0000000702842118,0x0000000709800000)
 Metaspace       used 20737K, capacity 21180K, committed 21296K, reserved 1069056K
  class space    used 2417K, capacity 2562K, committed 2608K, reserved 1048576K
Event: 5.532 GC heap after
Heap after GC invocations=6 (full 0):
 PSYoungGen      total 106496K, used 8160K [0x0000000780800000, 0x0000000787800000, 0x00000007c0000000)
  eden space 98304K, 0% used [0x0000000780800000,0x0000000780800000,0x0000000786800000)
  from space 8192K, 99% used [0x0000000787000000,0x00000007877f8030,0x0000000787800000)
  to   space 8192K, 0% used [0x0000000786800000,0x0000000786800000,0x0000000787000000)
 ParOldGen       total 131072K, used 17925K [0x0000000701800000, 0x0000000709800000, 0x0000000780800000)
  object space 131072K, 13% used [0x0000000701800000,0x00000007029814b0,0x0000000709800000)
 Metaspace       used 20737K, capacity 21180K, committed 21296K, reserved 1069056K
  class space    used 2417K, capacity 2562K, committed 2608K, reserved 1048576K
}
Event: 5.532 GC heap before
{Heap before GC invocations=7 (full 1):
 PSYoungGen      total 106496K, used 8160K [0x0000000780800000, 0x0000000787800000, 0x00000007c0000000)
  eden space 98304K, 0% used [0x0000000780800000,0x0000000780800000,0x0000000786800000)
  from space 8192K, 99% used [0x0000000787000000,0x00000007877f8030,0x0000000787800000)
  to   space 8192K, 0% used [0x0000000786800000,0x0000000786800000,0x0000000787000000)
 ParOldGen       total 131072K, used 17925K [0x0000000701800000, 0x0000000709800000, 0x0000000780800000)
  object space 131072K, 13% used [0x0000000701800000,0x00000007029814b0,0x0000000709800000)
 Metaspace       used 20737K, capacity 21180K, committed 21296K, reserved 1069056K
  class space    used 2417K, capacity 2562K, committed 2608K, reserved 1048576K
Event: 5.694 GC heap after
Heap after GC invocations=7 (full 1):
 PSYoungGen      total 106496K, used 0K [0x0000000780800000, 0x0000000787800000, 0x00000007c0000000)
  eden space 98304K, 0% used [0x0000000780800000,0x0000000780800000,0x0000000786800000)
  from space 8192K, 0% used [0x0000000787000000,0x0000000787000000,0x0000000787800000)
  to   space 8192K, 0% used [0x0000000786800000,0x0000000786800000,0x0000000787000000)
 ParOldGen       total 96768K, used 19601K [0x0000000701800000, 0x0000000707680000, 0x0000000780800000)
  object space 96768K, 20% used [0x0000000701800000,0x0000000702b24600,0x0000000707680000)
 Metaspace       used 20737K, capacity 21180K, committed 21296K, reserved 1069056K
  class space    used 2417K, capacity 2562K, committed 2608K, reserved 1048576K
}
Event: 6.863 GC heap before
{Heap before GC invocations=8 (full 1):
 PSYoungGen      total 106496K, used 98304K [0x0000000780800000, 0x0000000787800000, 0x00000007c0000000)
  eden space 98304K, 100% used [0x0000000780800000,0x0000000786800000,0x0000000786800000)
  from space 8192K, 0% used [0x0000000787000000,0x0000000787000000,0x0000000787800000)
  to   space 8192K, 0% used [0x0000000786800000,0x0000000786800000,0x0000000787000000)
 ParOldGen       total 96768K, used 19601K [0x0000000701800000, 0x0000000707680000, 0x0000000780800000)
  object space 96768K, 20% used [0x0000000701800000,0x0000000702b24600,0x0000000707680000)
 Metaspace       used 24048K, capacity 24550K, committed 24752K, reserved 1071104K
  class space    used 2790K, capacity 2939K, committed 2992K, reserved 1048576K
Event: 6.879 GC heap after
Heap after GC invocations=8 (full 1):
 PSYoungGen      total 106496K, used 8172K [0x0000000780800000, 0x0000000787800000, 0x00000007c0000000)
  eden space 98304K, 0% used [0x0000000780800000,0x0000000780800000,0x0000000786800000)
  from space 8192K, 99% used [0x0000000786800000,0x0000000786ffb3b0,0x0000000787000000)
  to   space 8192K, 0% used [0x0000000787000000,0x0000000787000000,0x0000000787800000)
 ParOldGen       total 96768K, used 27768K [0x0000000701800000, 0x0000000707680000, 0x0000000780800000)
  object space 96768K, 28% used [0x0000000701800000,0x000000070331e340,0x0000000707680000)
 Metaspace       used 24048K, capacity 24550K, committed 24752K, reserved 1071104K
  class space    used 2790K, capacity 2939K, committed 2992K, reserved 1048576K
}
Event: 7.324 GC heap before
{Heap before GC invocations=9 (full 1):
 PSYoungGen      total 106496K, used 106476K [0x0000000780800000, 0x0000000787800000, 0x00000007c0000000)
  eden space 98304K, 100% used [0x0000000780800000,0x0000000786800000,0x0000000786800000)
  from space 8192K, 99% used [0x0000000786800000,0x0000000786ffb3b0,0x0000000787000000)
  to   space 8192K, 0% used [0x0000000787000000,0x0000000787000000,0x0000000787800000)
 ParOldGen       total 96768K, used 27768K [0x0000000701800000, 0x0000000707680000, 0x0000000780800000)
  object space 96768K, 28% used [0x0000000701800000,0x000000070331e340,0x0000000707680000)
 Metaspace       used 24052K, capacity 24550K, committed 24752K, reserved 1071104K
  class space    used 2790K, capacity 2939K, committed 2992K, reserved 1048576K
Event: 7.343 GC heap after
Heap after GC invocations=9 (full 1):
 PSYoungGen      total 106496K, used 8173K [0x0000000780800000, 0x0000000787800000, 0x00000007c0000000)
  eden space 98304K, 0% used [0x0000000780800000,0x0000000780800000,0x0000000786800000)
  from space 8192K, 99% used [0x0000000787000000,0x00000007877fb5e8,0x0000000787800000)
  to   space 8192K, 0% used [0x0000000786800000,0x0000000786800000,0x0000000787000000)
 ParOldGen       total 96768K, used 39693K [0x0000000701800000, 0x0000000707680000, 0x0000000780800000)
  object space 96768K, 41% used [0x0000000701800000,0x0000000703ec35d0,0x0000000707680000)
 Metaspace       used 24052K, capacity 24550K, committed 24752K, reserved 1071104K
  class space    used 2790K, capacity 2939K, committed 2992K, reserved 1048576K
}

